<?xml version="1.0" encoding="UTF-8"?>
<testng-results ignored="0" total="1" passed="1" failed="0" skipped="0">
  <reporter-output>
  </reporter-output>
  <suite started-at="2026-07-25T21:24:26 IST" name="Surefire suite" finished-at="2026-07-25T21:24:30 IST" duration-ms="4117">
    <groups>
    </groups>
    <test started-at="2026-07-25T21:24:26 IST" name="Surefire test" finished-at="2026-07-25T21:24:30 IST" duration-ms="4117">
      <class name="BaseTest">
        <test-method is-config="true" signature="setup()[pri:0, instance:BaseTest@f9b5552]" started-at="2026-07-25T21:24:26 IST" name="setup" finished-at="2026-07-25T21:24:29 IST" duration-ms="2999" status="PASS">
          <reporter-output>
          </reporter-output>
        </test-method> <!-- setup -->
        <test-method signature="verifyGoogleTitle()[pri:0, instance:BaseTest@f9b5552]" started-at="2026-07-25T21:24:29 IST" name="verifyGoogleTitle" finished-at="2026-07-25T21:24:30 IST" duration-ms="648" status="PASS">
          <reporter-output>
          </reporter-output>
        </test-method> <!-- verifyGoogleTitle -->
        <test-method is-config="true" signature="tearDown()[pri:0, instance:BaseTest@f9b5552]" started-at="2026-07-25T21:24:30 IST" name="tearDown" finished-at="2026-07-25T21:24:30 IST" duration-ms="190" status="PASS">
          <reporter-output>
          </reporter-output>
        </test-method> <!-- tearDown -->
      </class> <!-- BaseTest -->
    </test> <!-- Surefire test -->
  </suite> <!-- Surefire suite -->
</testng-results>
