<?xml version="1.0" encoding="UTF-8"?>
<testng-results ignored="0" total="1" passed="1" failed="0" skipped="0">
  <reporter-output>
  </reporter-output>
  <suite started-at="2026-07-24T00:30:13 IST" name="Default suite" finished-at="2026-07-24T00:30:21 IST" duration-ms="7672">
    <groups>
    </groups>
    <test started-at="2026-07-24T00:30:13 IST" name="Default test" finished-at="2026-07-24T00:30:21 IST" duration-ms="7672">
      <class name="BaseTest">
        <test-method is-config="true" signature="setup()[pri:0, instance:BaseTest@618b19ad]" started-at="2026-07-24T00:30:13 IST" name="setup" finished-at="2026-07-24T00:30:20 IST" duration-ms="6692" status="PASS">
          <reporter-output>
          </reporter-output>
        </test-method> <!-- setup -->
        <test-method signature="verifyGoogleTitle()[pri:0, instance:BaseTest@618b19ad]" started-at="2026-07-24T00:30:20 IST" name="verifyGoogleTitle" finished-at="2026-07-24T00:30:21 IST" duration-ms="569" status="PASS">
          <reporter-output>
          </reporter-output>
        </test-method> <!-- verifyGoogleTitle -->
        <test-method is-config="true" signature="tearDown()[pri:0, instance:BaseTest@618b19ad]" started-at="2026-07-24T00:30:21 IST" name="tearDown" finished-at="2026-07-24T00:30:21 IST" duration-ms="324" status="PASS">
          <reporter-output>
          </reporter-output>
        </test-method> <!-- tearDown -->
      </class> <!-- BaseTest -->
    </test> <!-- Default test -->
  </suite> <!-- Default suite -->
</testng-results>
